<?xml version="1.0" encoding="UTF-8"?>
<testsuite name="com.photon.HybridLogicalClockTest" tests="4" skipped="0" failures="0" errors="0" timestamp="2026-03-19T23:49:47" hostname="Liams-MacBook-Pro-2.local" time="0.032">
  <properties/>
  <testcase name="eventIdsAreUnique()" classname="com.photon.HybridLogicalClockTest" time="0.029"/>
  <testcase name="updateAdvancesClockOnLaterReceived()" classname="com.photon.HybridLogicalClockTest" time="0.0"/>
  <testcase name="timestampsAreMonotonicallyIncreasing()" classname="com.photon.HybridLogicalClockTest" time="0.001"/>
  <testcase name="shardAssignmentIsDeterministic()" classname="com.photon.HybridLogicalClockTest" time="0.0"/>
  <system-out><![CDATA[]]></system-out>
  <system-err><![CDATA[]]></system-err>
</testsuite>
